Sun 11 Jan 2026 02:18:38 INFO  {'seed': 2020, 'dataset': 'Video_Games', 'bidirectional': False, 'n_heads': 2, 'lr': 0.001, 'tau': 0.07, 'cl_weight': 0.5, 'mlm_weight': 0.3, 'neg_num': 25000, 'text_types': ['title', 'brand', 'features', 'categories', 'description'], 'epochs': 500, 'batch_size': 90, 'num_workers': 8, 'eval_step': 1, 'learner': 'AdamW', 'data_path': './dataset', 'map_path': '.emb_map.json', 'text_index_path': '.code.pq.20_256.pca128.title_brand_features_categories_description.json', 'text_emb_path': '.t5.meta.emb.npy', 'lr_scheduler_type': 'constant', 'gradient_accumulation_steps': 1, 'warmup_steps': 500, 'weight_decay': 0.0001, 'max_his_len': 50, 'n_codes_per_lel': 256, 'code_level': 20, 'early_stop': 10, 'embedding_size': 128, 'hidden_size': 512, 'n_layers': 2, 'n_layers_cross': 2, 'dropout_prob': 0.2, 'dropout_prob_cross': 0.1, 'mask_ratio': 0.5, 'device': 'cuda:0', 'metrics': 'recall@5,ndcg@5,recall@10,ndcg@10', 'valid_metric': 'ndcg@10', 'log_dir': './logs/', 'ckpt_dir': './myckpt/', 'resume': None, 'run_local_time': 'Jan-11-2026_02-18', 'save_file_name': 'Jan-11-2026_02-18-e18370_mlm0.3_cl0.5_maskratio0.5_drop0.2_dpcross0.1'}
Sun 11 Jan 2026 02:19:25 INFO  CCFRec(
  (query_code_embedding): Embedding(5121, 128, padding_idx=0)
  (item_text_embedding): ModuleList(
    (0-4): 5 x Embedding(25613, 128, padding_idx=0)
  )
  (qformer): CrossAttTransformer(
    (layer): ModuleList(
      (0-1): 2 x CrossAttTransformerLayer(
        (self_attention): MultiHeadAttention(
          (query): Linear(in_features=128, out_features=128, bias=True)
          (key): Linear(in_features=128, out_features=128, bias=True)
          (value): Linear(in_features=128, out_features=128, bias=True)
          (softmax): Softmax(dim=-1)
          (attn_dropout): Dropout(p=0.1, inplace=False)
          (out_linear): Linear(in_features=128, out_features=128, bias=True)
          (LayerNorm): LayerNorm((128,), eps=1e-12, elementwise_affine=True)
          (out_dropout): Dropout(p=0.1, inplace=False)
        )
        (cross_attention): MultiHeadAttention(
          (query): Linear(in_features=128, out_features=128, bias=True)
          (key): Linear(in_features=128, out_features=128, bias=True)
          (value): Linear(in_features=128, out_features=128, bias=True)
          (softmax): Softmax(dim=-1)
          (attn_dropout): Dropout(p=0.1, inplace=False)
          (out_linear): Linear(in_features=128, out_features=128, bias=True)
          (LayerNorm): LayerNorm((128,), eps=1e-12, elementwise_affine=True)
          (out_dropout): Dropout(p=0.1, inplace=False)
        )
        (feed_forward): FeedForward(
          (linear_1): Linear(in_features=128, out_features=512, bias=True)
          (linear_2): Linear(in_features=512, out_features=128, bias=True)
          (LayerNorm): LayerNorm((128,), eps=1e-12, elementwise_affine=True)
          (dropout): Dropout(p=0.1, inplace=False)
        )
      )
    )
  )
  (fourier_attention): FrequencyAttention(
    (freq_proj): Linear(in_features=128, out_features=128, bias=True)
    (dropout): Dropout(p=0.1, inplace=False)
    (layer_norm): LayerNorm((128,), eps=1e-05, elementwise_affine=True)
  )
  (intra_position_embedding): Embedding(50, 128)
  (intra_transformer): Transformer(
    (layer): ModuleList(
      (0-1): 2 x TransformerLayer(
        (multi_head_attention): MultiHeadAttention(
          (query): Linear(in_features=128, out_features=128, bias=True)
          (key): Linear(in_features=128, out_features=128, bias=True)
          (value): Linear(in_features=128, out_features=128, bias=True)
          (softmax): Softmax(dim=-1)
          (attn_dropout): Dropout(p=0.2, inplace=False)
          (out_linear): Linear(in_features=128, out_features=128, bias=True)
          (LayerNorm): LayerNorm((128,), eps=1e-12, elementwise_affine=True)
          (out_dropout): Dropout(p=0.2, inplace=False)
        )
        (feed_forward): FeedForward(
          (linear_1): Linear(in_features=128, out_features=512, bias=True)
          (linear_2): Linear(in_features=512, out_features=128, bias=True)
          (LayerNorm): LayerNorm((128,), eps=1e-12, elementwise_affine=True)
          (dropout): Dropout(p=0.2, inplace=False)
        )
      )
    )
  )
  (intra_layer_norm): LayerNorm((128,), eps=1e-12, elementwise_affine=True)
  (intra_dropout): Dropout(p=0.2, inplace=False)
  (inter_lstm): LSTM(128, 64, batch_first=True, bidirectional=True)
  (inter_layer_norm): LayerNorm((128,), eps=1e-12, elementwise_affine=True)
  (inter_dropout): Dropout(p=0.2, inplace=False)
  (session_position_embedding): Embedding(50, 128)
  (session_attention_w): Linear(in_features=256, out_features=128, bias=True)
  (session_attention_v): Linear(in_features=128, out_features=1, bias=False)
  (residual_gate): Sequential(
    (0): Linear(in_features=256, out_features=128, bias=True)
    (1): Sigmoid()
  )
  (loss_fct): CrossEntropyLoss()
)
Sun 11 Jan 2026 03:24:47 INFO  [Epoch 0] training [time: 3922.52s, loss: 10.0156, mlm_loss: 5.3597, rec_loss: 8.2830, cl_loss: 0.2493, ]
Sun 11 Jan 2026 03:27:33 INFO  [Epoch 0] Saving current: ./myckpt/Video_Games/Jan-11-2026_02-18-e18370_mlm0.3_cl0.5_maskratio0.5_drop0.2_dpcross0.1/best_model.pth
Sun 11 Jan 2026 03:27:33 INFO  [Epoch 0] Val Result: {'recall@5': 0.05030497456786476, 'ndcg@5': 0.032132747192506195, 'recall@10': 0.081868259428885, 'ndcg@10': 0.04228571324547362}
Sun 11 Jan 2026 04:32:45 INFO  [Epoch 1] training [time: 3911.71s, loss: 9.3140, mlm_loss: 4.6226, rec_loss: 7.8715, cl_loss: 0.1115, ]
Sun 11 Jan 2026 04:35:29 INFO  [Epoch 1] Saving current: ./myckpt/Video_Games/Jan-11-2026_02-18-e18370_mlm0.3_cl0.5_maskratio0.5_drop0.2_dpcross0.1/best_model.pth
Sun 11 Jan 2026 04:35:29 INFO  [Epoch 1] Val Result: {'recall@5': 0.05640446592515987, 'ndcg@5': 0.03574411300464463, 'recall@10': 0.09133407906122708, 'ndcg@10': 0.04698443985667683}
